<?xml version="1.0" encoding="UTF-8"?>
<!-- Generated by org.testng.reporters.JUnitReportReporter -->
<testsuite skipped="0" hostname="LP-5CD7485ZW3" name="TestCases.LoginTestCase" tests="2" failures="0" timestamp="2020-08-10T11:51:40 IST" time="0.011" errors="0">
  <testcase name="doUserRegistration" time="0.006" classname="TestCases.LoginTestCase"/>
  <system-out/>
  <testcase name="doLogin" time="0.005" classname="TestCases.LoginTestCase"/>
  <system-out/>
</testsuite> <!-- TestCases.LoginTestCase -->
