<?xml version="1.0" encoding="UTF-8"?>
<!-- Generated by org.testng.reporters.JUnitReportReporter -->
<testsuite skipped="0" hostname="LP-5CD7485ZW3" name="listenerTests.TestDependencies" tests="4" failures="0" timestamp="2020-08-11T00:27:59 IST" time="0.009" errors="0">
  <testcase name="doUserRegistration" time="0.003" classname="listenerTests.TestDependencies"/>
  <system-out/>
  <testcase name="doLogin" time="0.002" classname="listenerTests.TestDependencies"/>
  <system-out/>
  <testcase name="doForgotPassword" time="0.001" classname="listenerTests.TestDependencies"/>
  <system-out/>
  <testcase name="doForgotUsername" time="0.003" classname="listenerTests.TestDependencies"/>
  <system-out/>
</testsuite> <!-- listenerTests.TestDependencies -->
