<?xml version="1.0" encoding="UTF-8"?>
<!-- Generated by org.testng.reporters.JUnitReportReporter -->
<testsuite skipped="0" hostname="LP-5CD7485ZW3" name="regressionlTests.LoginTestCase" tests="2" failures="0" timestamp="2020-08-10T15:14:43 IST" time="0.009" errors="0">
  <testcase name="doUserRegistration" time="0.006" classname="regressionlTests.LoginTestCase"/>
  <system-out/>
  <testcase name="doLogin" time="0.003" classname="regressionlTests.LoginTestCase"/>
  <system-out/>
</testsuite> <!-- regressionlTests.LoginTestCase -->
