<?xml version="1.0" encoding="UTF-8"?>
<!-- Generated by org.testng.reporters.JUnitReportReporter -->
<testsuite skipped="0" hostname="LP-5CD7485ZW3" name="listenerTests.LoginTestCase" tests="2" failures="0" timestamp="2020-08-11T00:27:59 IST" time="0.007" errors="0">
  <testcase name="doUserRegistration" time="0.005" classname="listenerTests.LoginTestCase"/>
  <system-out/>
  <testcase name="doLogin" time="0.002" classname="listenerTests.LoginTestCase"/>
  <system-out/>
</testsuite> <!-- listenerTests.LoginTestCase -->
