<?xml version="1.0" encoding="UTF-8"?>
<!-- Generated by org.testng.reporters.JUnitReportReporter -->
<testsuite skipped="0" hostname="LP-5CD7485ZW3" name="groupTests.LoginTestCase" tests="1" failures="0" timestamp="2020-08-10T15:40:38 IST" time="0.009" errors="0">
  <testcase name="doLogin" time="0.009" classname="groupTests.LoginTestCase"/>
  <system-out/>
</testsuite> <!-- groupTests.LoginTestCase -->
